c:\users\sbauser\source\repos\pokemon_portfolio\directx2d\x64\debug\vc143.pdb
c:\users\sbauser\source\repos\pokemon_portfolio\directx2d\x64\debug\vc143.idb
c:\users\sbauser\source\repos\pokemon_portfolio\directx2d\x64\debug\battlescene.obj
c:\users\sbauser\source\repos\pokemon_portfolio\directx2d\x64\debug\battlemanager.obj
c:\users\sbauser\source\repos\pokemon_portfolio\directx2d\x64\debug\enemytrainer.obj
c:\users\sbauser\source\repos\pokemon_portfolio\directx2d\x64\debug\uimanager.obj
c:\users\sbauser\source\repos\pokemon_portfolio\directx2d\x64\debug\gamemanager.obj
c:\users\sbauser\source\repos\pokemon_portfolio\directx2d\x64\debug\directx2d.pch
c:\users\sbauser\source\repos\pokemon_portfolio\directx2d\x64\debug\framework.obj
c:\users\sbauser\source\repos\pokemon_portfolio\directx2d\x64\debug\device.obj
c:\users\sbauser\source\repos\pokemon_portfolio\directx2d\x64\debug\vertexshader.obj
c:\users\sbauser\source\repos\pokemon_portfolio\directx2d\x64\debug\shader.obj
c:\users\sbauser\source\repos\pokemon_portfolio\directx2d\x64\debug\pixelshader.obj
c:\users\sbauser\source\repos\pokemon_portfolio\directx2d\x64\debug\texture.obj
c:\users\sbauser\source\repos\pokemon_portfolio\directx2d\x64\debug\rendertarget.obj
c:\users\sbauser\source\repos\pokemon_portfolio\directx2d\x64\debug\frame.obj
c:\users\sbauser\source\repos\pokemon_portfolio\directx2d\x64\debug\clip.obj
c:\users\sbauser\source\repos\pokemon_portfolio\directx2d\x64\debug\transform.obj
c:\users\sbauser\source\repos\pokemon_portfolio\directx2d\x64\debug\gamemath.obj
c:\users\sbauser\source\repos\pokemon_portfolio\directx2d\x64\debug\environment.obj
c:\users\sbauser\source\repos\pokemon_portfolio\directx2d\x64\debug\camera.obj
c:\users\sbauser\source\repos\pokemon_portfolio\directx2d\x64\debug\rectcollider.obj
c:\users\sbauser\source\repos\pokemon_portfolio\directx2d\x64\debug\linecollider.obj
c:\users\sbauser\source\repos\pokemon_portfolio\directx2d\x64\debug\collider.obj
c:\users\sbauser\source\repos\pokemon_portfolio\directx2d\x64\debug\circlecollider.obj
c:\users\sbauser\source\repos\pokemon_portfolio\directx2d\x64\debug\vertexbuffer.obj
c:\users\sbauser\source\repos\pokemon_portfolio\directx2d\x64\debug\indexbuffer.obj
c:\users\sbauser\source\repos\pokemon_portfolio\directx2d\x64\debug\constbuffer.obj
c:\users\sbauser\source\repos\pokemon_portfolio\directx2d\x64\debug\directx2d.obj
c:\users\sbauser\source\repos\pokemon_portfolio\directx2d\x64\debug\trainer.obj
c:\users\sbauser\source\repos\pokemon_portfolio\directx2d\x64\debug\pokemon.obj
c:\users\sbauser\source\repos\pokemon_portfolio\directx2d\x64\debug\npc.obj
c:\users\sbauser\source\repos\pokemon_portfolio\directx2d\x64\debug\quad.obj
c:\users\sbauser\source\repos\pokemon_portfolio\directx2d\x64\debug\gameobject.obj
c:\users\sbauser\source\repos\pokemon_portfolio\directx2d\x64\debug\effect.obj
c:\users\sbauser\source\repos\pokemon_portfolio\directx2d\x64\debug\animobject.obj
c:\users\sbauser\source\repos\pokemon_portfolio\directx2d\x64\debug\action.obj
c:\users\sbauser\source\repos\pokemon_portfolio\directx2d\x64\debug\scenemanager.obj
c:\users\sbauser\source\repos\pokemon_portfolio\directx2d\x64\debug\tinyxml2.obj
c:\users\sbauser\source\repos\pokemon_portfolio\directx2d\x64\debug\utility.obj
c:\users\sbauser\source\repos\pokemon_portfolio\directx2d\x64\debug\timer.obj
c:\users\sbauser\source\repos\pokemon_portfolio\directx2d\x64\debug\observer.obj
c:\users\sbauser\source\repos\pokemon_portfolio\directx2d\x64\debug\keyboard.obj
c:\users\sbauser\source\repos\pokemon_portfolio\directx2d\x64\debug\font.obj
c:\users\sbauser\source\repos\pokemon_portfolio\directx2d\x64\debug\binarywriter.obj
c:\users\sbauser\source\repos\pokemon_portfolio\directx2d\x64\debug\binaryreader.obj
c:\users\sbauser\source\repos\pokemon_portfolio\directx2d\x64\debug\audio.obj
c:\users\sbauser\source\repos\pokemon_portfolio\directx2d\x64\debug\pokemonscene.obj
c:\users\sbauser\source\repos\pokemon_portfolio\directx2d\x64\debug\introscene.obj
c:\users\sbauser\source\repos\pokemon_portfolio\directx2d\x64\debug\edittilescene.obj
c:\users\sbauser\source\repos\pokemon_portfolio\directx2d\x64\debug\uicursor.obj
c:\users\sbauser\source\repos\pokemon_portfolio\directx2d\x64\debug\progressbar.obj
c:\users\sbauser\source\repos\pokemon_portfolio\directx2d\x64\debug\panel.obj
c:\users\sbauser\source\repos\pokemon_portfolio\directx2d\x64\debug\button.obj
c:\users\sbauser\source\repos\pokemon_portfolio\directx2d\x64\debug\tile.obj
c:\users\sbauser\source\repos\pokemon_portfolio\directx2d\x64\debug\gametilemap.obj
c:\users\sbauser\source\repos\pokemon_portfolio\directx2d\x64\debug\edittilemap.obj
c:\users\sbauser\source\repos\pokemon_portfolio\directx2d\x64\debug\textboxmanager.obj
c:\users\sbauser\source\repos\pokemon_portfolio\directx2d\x64\debug\pokemondatamanager.obj
c:\users\sbauser\source\repos\pokemon_portfolio\directx2d\x64\debug\playermanager.obj
c:\users\sbauser\source\repos\pokemon_portfolio\directx2d\x64\debug\gametilemapmanager.obj
c:\users\sbauser\source\repos\pokemon_portfolio\directx2d\x64\debug\enemymanager.obj
c:\users\sbauser\source\repos\pokemon_portfolio\directx2d\x64\debug\effectmanager.obj
c:\users\sbauser\source\repos\pokemon_portfolio\x64\debug\pixeleffect.cso
c:\users\sbauser\source\repos\pokemon_portfolio\x64\debug\pixelfilter.cso
c:\users\sbauser\source\repos\pokemon_portfolio\x64\debug\pixelinstancing.cso
c:\users\sbauser\source\repos\pokemon_portfolio\x64\debug\pixellight.cso
c:\users\sbauser\source\repos\pokemon_portfolio\x64\debug\pixelmulti.cso
c:\users\sbauser\source\repos\pokemon_portfolio\x64\debug\pixeloutline.cso
c:\users\sbauser\source\repos\pokemon_portfolio\x64\debug\pixelpos.cso
c:\users\sbauser\source\repos\pokemon_portfolio\x64\debug\pixelprogressbar.cso
c:\users\sbauser\source\repos\pokemon_portfolio\x64\debug\pixelshader.cso
c:\users\sbauser\source\repos\pokemon_portfolio\x64\debug\pixeluv.cso
c:\users\sbauser\source\repos\pokemon_portfolio\x64\debug\vertexinstancing.cso
c:\users\sbauser\source\repos\pokemon_portfolio\x64\debug\vertexpos.cso
c:\users\sbauser\source\repos\pokemon_portfolio\x64\debug\vertexuv.cso
c:\users\sbauser\source\repos\pokemon_portfolio\x64\debug\directx2d.lib
c:\users\sbauser\source\repos\pokemon_portfolio\x64\debug\directx2d.exp
c:\users\jun\source\repos\pokemon_portfolio\x64\debug\directx2d.lib
c:\users\jun\source\repos\pokemon_portfolio\x64\debug\directx2d.exp
c:\users\sbauser\source\repos\pokemon_portfolio\x64\debug\directx2d.exe
c:\users\sbauser\source\repos\pokemon_portfolio\directx2d\x64\debug\directx2d.ilk
c:\users\sbauser\source\repos\pokemon_portfolio\x64\debug\directx2d.pdb
c:\users\sbauser\source\repos\pokemon_portfolio\directx2d\x64\debug\directx2d.res
c:\users\sbauser\source\repos\pokemon_portfolio\directx2d\x64\debug\astar.obj
c:\users\sbauser\source\repos\pokemon_portfolio\directx2d\x64\debug\dijkstra.obj
c:\users\sbauser\source\repos\pokemon_portfolio\directx2d\x64\debug\dnode.obj
c:\users\sbauser\source\repos\pokemon_portfolio\directx2d\x64\debug\heap.obj
c:\users\sbauser\source\repos\pokemon_portfolio\directx2d\x64\debug\node.obj
c:\users\sbauser\source\repos\pokemon_portfolio\directx2d\x64\debug\uicurosor.obj
c:\users\sbauser\source\repos\pokemon_portfolio\directx2d\x64\debug\battlescene.obj.enc
c:\users\sbauser\source\repos\pokemon_portfolio\directx2d\x64\debug\trainer.obj.enc
c:\users\sbauser\source\repos\pokemon_portfolio\directx2d\x64\debug\uimanager.obj.enc
c:\users\sbauser\source\repos\pokemon_portfolio\directx2d\x64\debug\directx2d.tlog\cl.command.1.tlog
c:\users\sbauser\source\repos\pokemon_portfolio\directx2d\x64\debug\directx2d.tlog\cl.read.1.tlog
c:\users\sbauser\source\repos\pokemon_portfolio\directx2d\x64\debug\directx2d.tlog\cl.write.1.tlog
c:\users\sbauser\source\repos\pokemon_portfolio\directx2d\x64\debug\directx2d.tlog\fxc.command.1.tlog
c:\users\sbauser\source\repos\pokemon_portfolio\directx2d\x64\debug\directx2d.tlog\fxc.read.1.tlog
c:\users\sbauser\source\repos\pokemon_portfolio\directx2d\x64\debug\directx2d.tlog\fxc.write.1.tlog
c:\users\sbauser\source\repos\pokemon_portfolio\directx2d\x64\debug\directx2d.tlog\link.command.1.tlog
c:\users\sbauser\source\repos\pokemon_portfolio\directx2d\x64\debug\directx2d.tlog\link.read.1.tlog
c:\users\sbauser\source\repos\pokemon_portfolio\directx2d\x64\debug\directx2d.tlog\link.write.1.tlog
c:\users\sbauser\source\repos\pokemon_portfolio\directx2d\x64\debug\directx2d.tlog\link.write.2u.tlog
c:\users\sbauser\source\repos\pokemon_portfolio\directx2d\x64\debug\directx2d.tlog\rc.command.1.tlog
c:\users\sbauser\source\repos\pokemon_portfolio\directx2d\x64\debug\directx2d.tlog\rc.read.1.tlog
c:\users\sbauser\source\repos\pokemon_portfolio\directx2d\x64\debug\directx2d.tlog\rc.write.1.tlog
